<?xml version="1.0" encoding="UTF-8"?>
<!-- Generated by org.testng.reporters.JUnitXMLReporter -->
<testsuite ignored="0" hostname="DESKTOP-7EHHOO2" failures="0" tests="5" name="Test" time="93.914" errors="0" timestamp="2021-11-12T11:06:24 IST">
  <testcase classname="com.crm.qa.testcases.HomePageTest" name="validatePageTitle" time="8.027"/>
  <testcase classname="com.crm.qa.testcases.HomePageTest" name="Homepage" time="5.837"/>
  <testcase classname="com.crm.qa.testcases.LoginPageTest" name="loginPageTitleTest" time="0.018"/>
  <testcase classname="com.crm.qa.testcases.LoginPageTest" name="login" time="3.135"/>
  <testcase classname="com.crm.qa.testcases.Contact_PageTest" name="savecontactTest" time="41.716"/>
</testsuite> <!-- Test -->
