<?xml version="1.0" encoding="UTF-8"?>
<testng-results ignored="0" total="5" passed="5" failed="0" skipped="0">
  <reporter-output>
  </reporter-output>
  <suite started-at="2021-11-12T11:04:50 IST" name="Suite" finished-at="2021-11-12T11:06:24 IST" duration-ms="93914">
    <groups>
    </groups>
    <test started-at="2021-11-12T11:04:50 IST" name="Test" finished-at="2021-11-12T11:06:24 IST" duration-ms="93914">
      <class name="com.crm.qa.testcases.Contact_PageTest">
        <test-method is-config="true" signature="setup()[pri:0, instance:com.crm.qa.testcases.Contact_PageTest@368247b9]" started-at="2021-11-12T11:05:37 IST" name="setup" finished-at="2021-11-12T11:05:41 IST" duration-ms="3879" status="PASS">
          <reporter-output>
          </reporter-output>
        </test-method> <!-- setup -->
        <test-method signature="savecontactTest()[pri:0, instance:com.crm.qa.testcases.Contact_PageTest@368247b9]" started-at="2021-11-12T11:05:41 IST" name="savecontactTest" finished-at="2021-11-12T11:06:23 IST" duration-ms="41716" status="PASS">
          <reporter-output>
          </reporter-output>
        </test-method> <!-- savecontactTest -->
        <test-method is-config="true" signature="teardown()[pri:0, instance:com.crm.qa.testcases.Contact_PageTest@368247b9]" started-at="2021-11-12T11:06:23 IST" name="teardown" finished-at="2021-11-12T11:06:24 IST" duration-ms="870" status="PASS">
          <reporter-output>
          </reporter-output>
        </test-method> <!-- teardown -->
      </class> <!-- com.crm.qa.testcases.Contact_PageTest -->
      <class name="com.crm.qa.testcases.HomePageTest">
        <test-method is-config="true" signature="setup()[pri:0, instance:com.crm.qa.testcases.HomePageTest@4659191b]" started-at="2021-11-12T11:04:50 IST" name="setup" finished-at="2021-11-12T11:05:00 IST" duration-ms="9666" status="PASS">
          <reporter-output>
          </reporter-output>
        </test-method> <!-- setup -->
        <test-method signature="validatePageTitle()[pri:1, instance:com.crm.qa.testcases.HomePageTest@4659191b]" started-at="2021-11-12T11:05:00 IST" name="validatePageTitle" finished-at="2021-11-12T11:05:08 IST" duration-ms="8027" status="PASS">
          <reporter-output>
          </reporter-output>
        </test-method> <!-- validatePageTitle -->
        <test-method is-config="true" signature="teardown()[pri:0, instance:com.crm.qa.testcases.HomePageTest@4659191b]" started-at="2021-11-12T11:05:08 IST" name="teardown" finished-at="2021-11-12T11:05:09 IST" duration-ms="1209" status="PASS">
          <reporter-output>
          </reporter-output>
        </test-method> <!-- teardown -->
        <test-method is-config="true" signature="setup()[pri:0, instance:com.crm.qa.testcases.HomePageTest@4659191b]" started-at="2021-11-12T11:05:09 IST" name="setup" finished-at="2021-11-12T11:05:15 IST" duration-ms="6217" status="PASS">
          <reporter-output>
          </reporter-output>
        </test-method> <!-- setup -->
        <test-method signature="Homepage()[pri:2, instance:com.crm.qa.testcases.HomePageTest@4659191b]" started-at="2021-11-12T11:05:15 IST" name="Homepage" finished-at="2021-11-12T11:05:21 IST" duration-ms="5837" status="PASS">
          <reporter-output>
          </reporter-output>
        </test-method> <!-- Homepage -->
        <test-method is-config="true" signature="teardown()[pri:0, instance:com.crm.qa.testcases.HomePageTest@4659191b]" started-at="2021-11-12T11:05:21 IST" name="teardown" finished-at="2021-11-12T11:05:22 IST" duration-ms="881" status="PASS">
          <reporter-output>
          </reporter-output>
        </test-method> <!-- teardown -->
      </class> <!-- com.crm.qa.testcases.HomePageTest -->
      <class name="com.crm.qa.testcases.LoginPageTest">
        <test-method is-config="true" signature="setup()[pri:0, instance:com.crm.qa.testcases.LoginPageTest@1e6a3214]" started-at="2021-11-12T11:05:22 IST" name="setup" finished-at="2021-11-12T11:05:29 IST" duration-ms="7045" status="PASS">
          <reporter-output>
          </reporter-output>
        </test-method> <!-- setup -->
        <test-method signature="loginPageTitleTest()[pri:1, instance:com.crm.qa.testcases.LoginPageTest@1e6a3214]" started-at="2021-11-12T11:05:29 IST" name="loginPageTitleTest" finished-at="2021-11-12T11:05:29 IST" duration-ms="18" status="PASS">
          <reporter-output>
          </reporter-output>
        </test-method> <!-- loginPageTitleTest -->
        <test-method is-config="true" signature="tearDown()[pri:0, instance:com.crm.qa.testcases.LoginPageTest@1e6a3214]" started-at="2021-11-12T11:05:29 IST" name="tearDown" finished-at="2021-11-12T11:05:30 IST" duration-ms="768" status="PASS">
          <reporter-output>
          </reporter-output>
        </test-method> <!-- tearDown -->
        <test-method is-config="true" signature="setup()[pri:0, instance:com.crm.qa.testcases.LoginPageTest@1e6a3214]" started-at="2021-11-12T11:05:30 IST" name="setup" finished-at="2021-11-12T11:05:33 IST" duration-ms="3752" status="PASS">
          <reporter-output>
          </reporter-output>
        </test-method> <!-- setup -->
        <test-method signature="login()[pri:2, instance:com.crm.qa.testcases.LoginPageTest@1e6a3214]" started-at="2021-11-12T11:05:33 IST" name="login" finished-at="2021-11-12T11:05:37 IST" duration-ms="3135" status="PASS">
          <reporter-output>
          </reporter-output>
        </test-method> <!-- login -->
        <test-method is-config="true" signature="tearDown()[pri:0, instance:com.crm.qa.testcases.LoginPageTest@1e6a3214]" started-at="2021-11-12T11:05:37 IST" name="tearDown" finished-at="2021-11-12T11:05:37 IST" duration-ms="814" status="PASS">
          <reporter-output>
          </reporter-output>
        </test-method> <!-- tearDown -->
      </class> <!-- com.crm.qa.testcases.LoginPageTest -->
    </test> <!-- Test -->
  </suite> <!-- Suite -->
</testng-results>
